Using pre-set license
Built from '6000.0/staging' branch; Version is '6000.0.31f1 (a206c360e2a8) revision 10618563'; Using compiler version '193933523'; Build Type 'Release'
OS: 'Windows 10  (10.0.19045) 64bit Professional' Language: 'en' Physical Memory: 15716 MB
BatchMode: 1, IsHumanControllingUs: 0, StartBugReporterOnCrash: 0, Is64bit: 1, IsPro: 1

COMMAND LINE ARGUMENTS:
C:\Program Files\Unity\Hub\Editor\6000.0.31f1\Editor\Unity.exe
-adb2
-batchMode
-noUpm
-name
AssetImportWorker0
-projectPath
D:/Unity/projekti/Carter
-logFile
Logs/AssetImportWorker0.log
-srvPort
62405
-job-worker-count
5
-background-job-worker-count
8
-gc-helper-count
1
Successfully changed project path to: D:/Unity/projekti/Carter
D:/Unity/projekti/Carter
[UnityMemory] Configuration Parameters - Can be set up in boot.config
    "memorysetup-bucket-allocator-granularity=16"
    "memorysetup-bucket-allocator-bucket-count=8"
    "memorysetup-bucket-allocator-block-size=33554432"
    "memorysetup-bucket-allocator-block-count=8"
    "memorysetup-main-allocator-block-size=16777216"
    "memorysetup-thread-allocator-block-size=16777216"
    "memorysetup-gfx-main-allocator-block-size=16777216"
    "memorysetup-gfx-thread-allocator-block-size=16777216"
    "memorysetup-cache-allocator-block-size=4194304"
    "memorysetup-typetree-allocator-block-size=2097152"
    "memorysetup-profiler-bucket-allocator-granularity=16"
    "memorysetup-profiler-bucket-allocator-bucket-count=8"
    "memorysetup-profiler-bucket-allocator-block-size=33554432"
    "memorysetup-profiler-bucket-allocator-block-count=8"
    "memorysetup-profiler-allocator-block-size=16777216"
    "memorysetup-profiler-editor-allocator-block-size=1048576"
    "memorysetup-temp-allocator-size-main=16777216"
    "memorysetup-job-temp-allocator-block-size=2097152"
    "memorysetup-job-temp-allocator-block-size-background=1048576"
    "memorysetup-job-temp-allocator-reduction-small-platforms=262144"
    "memorysetup-allocator-temp-initial-block-size-main=262144"
    "memorysetup-allocator-temp-initial-block-size-worker=262144"
    "memorysetup-temp-allocator-size-background-worker=32768"
    "memorysetup-temp-allocator-size-job-worker=262144"
    "memorysetup-temp-allocator-size-preload-manager=33554432"
    "memorysetup-temp-allocator-size-nav-mesh-worker=65536"
    "memorysetup-temp-allocator-size-audio-worker=65536"
    "memorysetup-temp-allocator-size-cloud-worker=32768"
    "memorysetup-temp-allocator-size-gi-baking-worker=262144"
    "memorysetup-temp-allocator-size-gi-baking-worker=262144"
    "memorysetup-temp-allocator-size-gi-baking-worker=262144"
    "memorysetup-temp-allocator-size-gi-baking-worker=262144"
    "memorysetup-temp-allocator-size-gi-baking-worker=262144"
    "memorysetup-temp-allocator-size-gfx=262144"
Player connection [22444]  Target information:

Player connection [22444]  * "[IP] 192.168.27.1 [Port] 0 [Flags] 2 [Guid] 1352425261 [EditorId] 1352425261 [Version] 1048832 [Id] WindowsEditor(7,DESKTOP-BIB4HAN) [Debug] 1 [PackageName] WindowsEditor [ProjectName] Editor" 

Player connection [22444] Host joined multi-casting on [225.0.0.222:54997]...
Player connection [22444] Host joined alternative multi-casting on [225.0.0.222:34997]...
JobSystem: Creating JobQueue using job-worker-count value 5
[Physics::Module] Initialized fallback backend.
[Physics::Module] Id: 0xdecafbad
Library Redirect Path: Library/
[Physics::Module] Selected backend.
[Physics::Module] Name: PhysX
[Physics::Module] Id: 0xf2b8ea05
[Physics::Module] SDK Version: 4.1.2
[Physics::Module] Integration Version: 1.0.0
[Physics::Module] Threading Mode: Multi-Threaded
Refreshing native plugins compatible for Editor in 3.66 ms, found 3 plugins.
Preloading 0 native plugins for Editor in 0.00 ms.
Initialize engine version: 6000.0.31f1 (a206c360e2a8)
[Subsystems] Discovering subsystems at path C:/Program Files/Unity/Hub/Editor/6000.0.31f1/Editor/Data/Resources/UnitySubsystems
[Subsystems] Discovering subsystems at path D:/Unity/projekti/Carter/Assets
GfxDevice: creating device client; kGfxThreadingModeNonThreaded
Direct3D:
    Version:  Direct3D 11.0 [level 11.1]
    Renderer: NVIDIA GeForce RTX 3050 Ti Laptop GPU (ID=0x25a0)
    Vendor:   NVIDIA
    VRAM:     3962 MB
    Driver:   32.0.15.6081
Initialize mono
Mono path[0] = 'C:/Program Files/Unity/Hub/Editor/6000.0.31f1/Editor/Data/Managed'
Mono path[1] = 'C:/Program Files/Unity/Hub/Editor/6000.0.31f1/Editor/Data/MonoBleedingEdge/lib/mono/unityjit-win32'
Mono config path = 'C:/Program Files/Unity/Hub/Editor/6000.0.31f1/Editor/Data/MonoBleedingEdge/etc'
Using monoOptions --debugger-agent=transport=dt_socket,embedding=1,server=y,suspend=n,address=127.0.0.1:56544
Begin MonoManager ReloadAssembly
Registering precompiled unity dll's ...
Register platform support module: C:/Program Files/Unity/Hub/Editor/6000.0.31f1/Editor/Data/PlaybackEngines/WindowsStandaloneSupport/UnityEditor.WindowsStandalone.Extensions.dll
Register platform support module: C:/Program Files/Unity/Hub/Editor/6000.0.31f1/Editor/Data/PlaybackEngines/MetroSupport/UnityEditor.UWP.Extensions.dll
Registered in 0.004245 seconds.
- Loaded All Assemblies, in  0.421 seconds
Native extension for UWP target not found
Native extension for WindowsStandalone target not found
Mono: successfully reloaded assembly
- Finished resetting the current domain, in  0.381 seconds
Domain Reload Profiling: 800ms
	BeginReloadAssembly (152ms)
		ExecutionOrderSort (0ms)
		DisableScriptedObjects (0ms)
		BackupInstance (0ms)
		ReleaseScriptingObjects (0ms)
		CreateAndSetChildDomain (1ms)
	RebuildCommonClasses (40ms)
	RebuildNativeTypeToScriptingClass (12ms)
	initialDomainReloadingComplete (55ms)
	LoadAllAssembliesAndSetupDomain (159ms)
		LoadAssemblies (148ms)
		RebuildTransferFunctionScriptingTraits (0ms)
		AnalyzeDomain (156ms)
			TypeCache.Refresh (155ms)
				TypeCache.ScanAssembly (141ms)
			BuildScriptInfoCaches (0ms)
			ResolveRequiredComponents (0ms)
	FinalizeReload (382ms)
		ReleaseScriptCaches (0ms)
		RebuildScriptCaches (0ms)
		SetupLoadedEditorAssemblies (337ms)
			LogAssemblyErrors (0ms)
			InitializePlatformSupportModulesInManaged (29ms)
			SetLoadedEditorAssemblies (4ms)
			BeforeProcessingInitializeOnLoad (62ms)
			ProcessInitializeOnLoadAttributes (181ms)
			ProcessInitializeOnLoadMethodAttributes (60ms)
			AfterProcessingInitializeOnLoad (0ms)
			EditorAssembliesLoaded (0ms)
		ExecutionOrderSort2 (0ms)
		AwakeInstancesAfterBackupRestoration (0ms)
========================================================================
Worker process is ready to serve import requests
Import Worker Mode flag is 0x00
Begin MonoManager ReloadAssembly
- Loaded All Assemblies, in  0.825 seconds
Refreshing native plugins compatible for Editor in 0.53 ms, found 3 plugins.
Native extension for UWP target not found
Native extension for WindowsStandalone target not found
Mono: successfully reloaded assembly
- Finished resetting the current domain, in  0.815 seconds
Domain Reload Profiling: 1637ms
	BeginReloadAssembly (190ms)
		ExecutionOrderSort (0ms)
		DisableScriptedObjects (6ms)
		BackupInstance (0ms)
		ReleaseScriptingObjects (0ms)
		CreateAndSetChildDomain (34ms)
	RebuildCommonClasses (42ms)
	RebuildNativeTypeToScriptingClass (11ms)
	initialDomainReloadingComplete (39ms)
	LoadAllAssembliesAndSetupDomain (539ms)
		LoadAssemblies (366ms)
		RebuildTransferFunctionScriptingTraits (0ms)
		AnalyzeDomain (289ms)
			TypeCache.Refresh (216ms)
				TypeCache.ScanAssembly (201ms)
			BuildScriptInfoCaches (59ms)
			ResolveRequiredComponents (12ms)
	FinalizeReload (816ms)
		ReleaseScriptCaches (0ms)
		RebuildScriptCaches (0ms)
		SetupLoadedEditorAssemblies (639ms)
			LogAssemblyErrors (0ms)
			InitializePlatformSupportModulesInManaged (2ms)
			SetLoadedEditorAssemblies (5ms)
			BeforeProcessingInitializeOnLoad (106ms)
			ProcessInitializeOnLoadAttributes (417ms)
			ProcessInitializeOnLoadMethodAttributes (104ms)
			AfterProcessingInitializeOnLoad (5ms)
			EditorAssembliesLoaded (0ms)
		ExecutionOrderSort2 (0ms)
		AwakeInstancesAfterBackupRestoration (6ms)
Launched and connected shader compiler UnityShaderCompiler.exe after 0.01 seconds
Refreshing native plugins compatible for Editor in 1.00 ms, found 3 plugins.
Preloading 0 native plugins for Editor in 0.00 ms.
Unloading 208 Unused Serialized files (Serialized files now loaded: 0)
Unloading 6213 unused Assets / (4.6 MB). Loaded Objects now: 6865.
Memory consumption went from 161.2 MB to 156.6 MB.
Total: 16.913400 ms (FindLiveObjects: 1.831300 ms CreateObjectMapping: 2.066900 ms MarkObjects: 9.078300 ms  DeleteObjects: 3.935700 ms)

========================================================================
Received Prepare
Begin MonoManager ReloadAssembly
DirectoryNotFoundException: Could not find a part of the path "D:\Unity\projekti\Carter\Packages\com.unity.transport\Analyzers\Unity.Transport.Analyzers.dll".
  at System.IO.FileStream..ctor (System.String path, System.IO.FileMode mode, System.IO.FileAccess access, System.IO.FileShare share, System.Int32 bufferSize, System.Boolean anonymous, System.IO.FileOptions options) [0x00164] in <ed969b0e627d471da4848289f9c322df>:0 
  at System.IO.FileStream..ctor (System.String path, System.IO.FileMode mode, System.IO.FileAccess access, System.IO.FileShare share) [0x00000] in <ed969b0e627d471da4848289f9c322df>:0 
  at (wrapper remoting-invoke-with-check) System.IO.FileStream..ctor(string,System.IO.FileMode,System.IO.FileAccess,System.IO.FileShare)
  at Mono.Cecil.ModuleDefinition.GetFileStream (System.String fileName, System.IO.FileMode mode, System.IO.FileAccess access, System.IO.FileShare share) [0x00006] in <a6860a9f6366437387ebdc1f225b7fd4>:0 
  at Mono.Cecil.ModuleDefinition.ReadModule (System.String fileName, Mono.Cecil.ReaderParameters parameters) [0x00008] in <a6860a9f6366437387ebdc1f225b7fd4>:0 
  at Mono.Cecil.AssemblyDefinition.ReadAssembly (System.String fileName, Mono.Cecil.ReaderParameters parameters) [0x00000] in <a6860a9f6366437387ebdc1f225b7fd4>:0 
  at UnityEditor.AssemblyValidation.ValidateRoslynAnalyzers (System.String[] analyzerPaths) [0x00025] in <e6ff5fa81f7b4f289fd2b129b5dcbaee>:0 

- Loaded All Assemblies, in  0.786 seconds
Refreshing native plugins compatible for Editor in 0.69 ms, found 3 plugins.
Native extension for UWP target not found
Native extension for WindowsStandalone target not found
Mono: successfully reloaded assembly
- Finished resetting the current domain, in  0.839 seconds
Domain Reload Profiling: 1625ms
	BeginReloadAssembly (203ms)
		ExecutionOrderSort (0ms)
		DisableScriptedObjects (5ms)
		BackupInstance (0ms)
		ReleaseScriptingObjects (0ms)
		CreateAndSetChildDomain (55ms)
	RebuildCommonClasses (41ms)
	RebuildNativeTypeToScriptingClass (12ms)
	initialDomainReloadingComplete (33ms)
	LoadAllAssembliesAndSetupDomain (495ms)
		LoadAssemblies (367ms)
		RebuildTransferFunctionScriptingTraits (0ms)
		AnalyzeDomain (230ms)
			TypeCache.Refresh (12ms)
				TypeCache.ScanAssembly (1ms)
			BuildScriptInfoCaches (199ms)
			ResolveRequiredComponents (15ms)
	FinalizeReload (840ms)
		ReleaseScriptCaches (0ms)
		RebuildScriptCaches (0ms)
		SetupLoadedEditorAssemblies (616ms)
			LogAssemblyErrors (0ms)
			InitializePlatformSupportModulesInManaged (3ms)
			SetLoadedEditorAssemblies (5ms)
			BeforeProcessingInitializeOnLoad (124ms)
			ProcessInitializeOnLoadAttributes (416ms)
			ProcessInitializeOnLoadMethodAttributes (61ms)
			AfterProcessingInitializeOnLoad (8ms)
			EditorAssembliesLoaded (0ms)
		ExecutionOrderSort2 (0ms)
		AwakeInstancesAfterBackupRestoration (14ms)
Refreshing native plugins compatible for Editor in 0.76 ms, found 3 plugins.
Preloading 0 native plugins for Editor in 0.00 ms.
Unloading 24 Unused Serialized files (Serialized files now loaded: 0)
Unloading 5775 unused Assets / (5.0 MB). Loaded Objects now: 6445.
Memory consumption went from 140.3 MB to 135.3 MB.
Total: 12.262500 ms (FindLiveObjects: 0.706500 ms CreateObjectMapping: 0.976200 ms MarkObjects: 7.211700 ms  DeleteObjects: 3.366400 ms)

Prepare: number of updated asset objects reloaded= 0
========================================================================
Received Prepare
Assembly with name 'Unity.NetCode.EditorTests' already exists (Packages/com.unity.netcode/Tests/Editor/Unity.NetCode.EditorTests.asmdef)
Assembly with name 'Unity.NetCode.EditorTests' already exists (Packages/com.unity.netcode.gameobjects/Tests/Editor/com.unity.netcode.editortests.asmdef)
Assembly with name 'Unity.NetCode.Editor' already exists (Packages/com.unity.netcode/Editor/Unity.NetCode.Editor.asmdef)
Assembly with name 'Unity.NetCode.Editor' already exists (Packages/com.unity.netcode.gameobjects/Editor/com.unity.netcode.editor.asmdef)
Assembly reference Packages/com.unity.entities/Unity.Scenes.Editor/Internals/Properties/Unity.Properties.Internals.asmref has no target assembly definition
Assembly with name 'Unity.NetCode.EditorTests' already exists (Packages/com.unity.netcode/Tests/Editor/Unity.NetCode.EditorTests.asmdef)
Assembly with name 'Unity.NetCode.EditorTests' already exists (Packages/com.unity.netcode.gameobjects/Tests/Editor/com.unity.netcode.editortests.asmdef)
Assembly with name 'Unity.NetCode.Editor' already exists (Packages/com.unity.netcode/Editor/Unity.NetCode.Editor.asmdef)
Assembly with name 'Unity.NetCode.Editor' already exists (Packages/com.unity.netcode.gameobjects/Editor/com.unity.netcode.editor.asmdef)
Assembly reference Packages/com.unity.entities/Unity.Scenes.Editor/Internals/Properties/Unity.Properties.Internals.asmref has no target assembly definition
Begin MonoManager ReloadAssembly
Assembly 'Library/ScriptAssemblies/Unity.Netcode.Editor.dll' will not be loaded due to errors:
Assembly name 'Unity.NetCode.Editor' does not match file name 'Unity.Netcode.Editor'
- Loaded All Assemblies, in  1.922 seconds
Assembly with name 'Unity.NetCode.EditorTests' already exists (Packages/com.unity.netcode/Tests/Editor/Unity.NetCode.EditorTests.asmdef)
Assembly with name 'Unity.NetCode.EditorTests' already exists (Packages/com.unity.netcode.gameobjects/Tests/Editor/com.unity.netcode.editortests.asmdef)
Assembly with name 'Unity.NetCode.Editor' already exists (Packages/com.unity.netcode/Editor/Unity.NetCode.Editor.asmdef)
Assembly with name 'Unity.NetCode.Editor' already exists (Packages/com.unity.netcode.gameobjects/Editor/com.unity.netcode.editor.asmdef)
Assembly reference Packages/com.unity.entities/Unity.Scenes.Editor/Internals/Properties/Unity.Properties.Internals.asmref has no target assembly definition
Refreshing native plugins compatible for Editor in 1.34 ms, found 4 plugins.
Native extension for UWP target not found
Native extension for WindowsStandalone target not found
Assembly with name 'Unity.NetCode.EditorTests' already exists (Packages/com.unity.netcode/Tests/Editor/Unity.NetCode.EditorTests.asmdef)
Assembly with name 'Unity.NetCode.EditorTests' already exists (Packages/com.unity.netcode.gameobjects/Tests/Editor/com.unity.netcode.editortests.asmdef)
Assembly with name 'Unity.NetCode.Editor' already exists (Packages/com.unity.netcode/Editor/Unity.NetCode.Editor.asmdef)
Assembly with name 'Unity.NetCode.Editor' already exists (Packages/com.unity.netcode.gameobjects/Editor/com.unity.netcode.editor.asmdef)
Assembly reference Packages/com.unity.entities/Unity.Scenes.Editor/Internals/Properties/Unity.Properties.Internals.asmref has no target assembly definition
TypeManager.Initialize took: 1343ms
Mono: successfully reloaded assembly
- Finished resetting the current domain, in  5.431 seconds
Domain Reload Profiling: 7355ms
	BeginReloadAssembly (394ms)
		ExecutionOrderSort (0ms)
		DisableScriptedObjects (14ms)
		BackupInstance (0ms)
		ReleaseScriptingObjects (0ms)
		CreateAndSetChildDomain (86ms)
	RebuildCommonClasses (54ms)
	RebuildNativeTypeToScriptingClass (19ms)
	initialDomainReloadingComplete (34ms)
	LoadAllAssembliesAndSetupDomain (1422ms)
		LoadAssemblies (866ms)
		RebuildTransferFunctionScriptingTraits (0ms)
		AnalyzeDomain (776ms)
			TypeCache.Refresh (152ms)
				TypeCache.ScanAssembly (132ms)
			BuildScriptInfoCaches (592ms)
			ResolveRequiredComponents (25ms)
	FinalizeReload (5432ms)
		ReleaseScriptCaches (0ms)
		RebuildScriptCaches (0ms)
		SetupLoadedEditorAssemblies (4968ms)
			LogAssemblyErrors (0ms)
			InitializePlatformSupportModulesInManaged (4ms)
			SetLoadedEditorAssemblies (26ms)
			BeforeProcessingInitializeOnLoad (1211ms)
			ProcessInitializeOnLoadAttributes (2870ms)
			ProcessInitializeOnLoadMethodAttributes (840ms)
			AfterProcessingInitializeOnLoad (16ms)
			EditorAssembliesLoaded (1ms)
		ExecutionOrderSort2 (0ms)
		AwakeInstancesAfterBackupRestoration (22ms)
Refreshing native plugins compatible for Editor in 2.21 ms, found 4 plugins.
Preloading 0 native plugins for Editor in 0.00 ms.
Unloading 15 Unused Serialized files (Serialized files now loaded: 0)
Unloading 7728 unused Assets / (4.1 MB). Loaded Objects now: 8382.
Memory consumption went from 157.5 MB to 153.4 MB.
Total: 67.137400 ms (FindLiveObjects: 2.319900 ms CreateObjectMapping: 5.000700 ms MarkObjects: 51.233800 ms  DeleteObjects: 8.581400 ms)

Prepare: number of updated asset objects reloaded= 0
========================================================================
Received Prepare
Refreshing native plugins compatible for Editor in 1.67 ms, found 4 plugins.
Preloading 0 native plugins for Editor in 0.00 ms.
Unloading 15 Unused Serialized files (Serialized files now loaded: 0)
Unloading 8065 unused Assets / (5.5 MB). Loaded Objects now: 8729.
Memory consumption went from 158.5 MB to 153.0 MB.
Total: 24.999400 ms (FindLiveObjects: 1.132200 ms CreateObjectMapping: 2.504600 ms MarkObjects: 13.962400 ms  DeleteObjects: 7.398500 ms)

Prepare: number of updated asset objects reloaded= 0
========================================================================
Received Prepare
Assembly with name 'Unity.NetCode.EditorTests' already exists (Packages/com.unity.netcode/Tests/Editor/Unity.NetCode.EditorTests.asmdef)
Assembly with name 'Unity.NetCode.EditorTests' already exists (Packages/com.unity.netcode.gameobjects/Tests/Editor/com.unity.netcode.editortests.asmdef)
Assembly with name 'Unity.NetCode.Editor' already exists (Packages/com.unity.netcode/Editor/Unity.NetCode.Editor.asmdef)
Assembly with name 'Unity.NetCode.Editor' already exists (Packages/com.unity.netcode.gameobjects/Editor/com.unity.netcode.editor.asmdef)
Assembly reference Packages/com.unity.entities/Unity.Scenes.Editor/Internals/Properties/Unity.Properties.Internals.asmref has no target assembly definition
Assembly with name 'Unity.NetCode.EditorTests' already exists (Packages/com.unity.netcode/Tests/Editor/Unity.NetCode.EditorTests.asmdef)
Assembly with name 'Unity.NetCode.EditorTests' already exists (Packages/com.unity.netcode.gameobjects/Tests/Editor/com.unity.netcode.editortests.asmdef)
Assembly with name 'Unity.NetCode.Editor' already exists (Packages/com.unity.netcode/Editor/Unity.NetCode.Editor.asmdef)
Assembly with name 'Unity.NetCode.Editor' already exists (Packages/com.unity.netcode.gameobjects/Editor/com.unity.netcode.editor.asmdef)
Assembly reference Packages/com.unity.entities/Unity.Scenes.Editor/Internals/Properties/Unity.Properties.Internals.asmref has no target assembly definition
Begin MonoManager ReloadAssembly
Assembly 'Library/ScriptAssemblies/Unity.Netcode.Editor.dll' will not be loaded due to errors:
Assembly name 'Unity.NetCode.Editor' does not match file name 'Unity.Netcode.Editor'
- Loaded All Assemblies, in  1.110 seconds
Assembly with name 'Unity.NetCode.EditorTests' already exists (Packages/com.unity.netcode/Tests/Editor/Unity.NetCode.EditorTests.asmdef)
Assembly with name 'Unity.NetCode.EditorTests' already exists (Packages/com.unity.netcode.gameobjects/Tests/Editor/com.unity.netcode.editortests.asmdef)
Assembly with name 'Unity.NetCode.Editor' already exists (Packages/com.unity.netcode/Editor/Unity.NetCode.Editor.asmdef)
Assembly with name 'Unity.NetCode.Editor' already exists (Packages/com.unity.netcode.gameobjects/Editor/com.unity.netcode.editor.asmdef)
Assembly reference Packages/com.unity.entities/Unity.Scenes.Editor/Internals/Properties/Unity.Properties.Internals.asmref has no target assembly definition
Refreshing native plugins compatible for Editor in 1.20 ms, found 4 plugins.
Native extension for UWP target not found
Native extension for WindowsStandalone target not found
Assembly with name 'Unity.NetCode.EditorTests' already exists (Packages/com.unity.netcode/Tests/Editor/Unity.NetCode.EditorTests.asmdef)
Assembly with name 'Unity.NetCode.EditorTests' already exists (Packages/com.unity.netcode.gameobjects/Tests/Editor/com.unity.netcode.editortests.asmdef)
Assembly with name 'Unity.NetCode.Editor' already exists (Packages/com.unity.netcode/Editor/Unity.NetCode.Editor.asmdef)
Assembly with name 'Unity.NetCode.Editor' already exists (Packages/com.unity.netcode.gameobjects/Editor/com.unity.netcode.editor.asmdef)
Assembly reference Packages/com.unity.entities/Unity.Scenes.Editor/Internals/Properties/Unity.Properties.Internals.asmref has no target assembly definition
TypeManager.Initialize took: 493ms
Mono: successfully reloaded assembly
- Finished resetting the current domain, in  1.841 seconds
Domain Reload Profiling: 2953ms
	BeginReloadAssembly (282ms)
		ExecutionOrderSort (0ms)
		DisableScriptedObjects (6ms)
		BackupInstance (0ms)
		ReleaseScriptingObjects (0ms)
		CreateAndSetChildDomain (99ms)
	RebuildCommonClasses (54ms)
	RebuildNativeTypeToScriptingClass (18ms)
	initialDomainReloadingComplete (51ms)
	LoadAllAssembliesAndSetupDomain (706ms)
		LoadAssemblies (491ms)
		RebuildTransferFunctionScriptingTraits (0ms)
		AnalyzeDomain (342ms)
			TypeCache.Refresh (8ms)
				TypeCache.ScanAssembly (0ms)
			BuildScriptInfoCaches (313ms)
			ResolveRequiredComponents (16ms)
	FinalizeReload (1842ms)
		ReleaseScriptCaches (0ms)
		RebuildScriptCaches (0ms)
		SetupLoadedEditorAssemblies (1503ms)
			LogAssemblyErrors (0ms)
			InitializePlatformSupportModulesInManaged (3ms)
			SetLoadedEditorAssemblies (7ms)
			BeforeProcessingInitializeOnLoad (207ms)
			ProcessInitializeOnLoadAttributes (1043ms)
			ProcessInitializeOnLoadMethodAttributes (234ms)
			AfterProcessingInitializeOnLoad (9ms)
			EditorAssembliesLoaded (1ms)
		ExecutionOrderSort2 (0ms)
		AwakeInstancesAfterBackupRestoration (12ms)
Refreshing native plugins compatible for Editor in 1.21 ms, found 4 plugins.
Preloading 0 native plugins for Editor in 0.00 ms.
Unloading 15 Unused Serialized files (Serialized files now loaded: 0)
Unloading 7735 unused Assets / (5.9 MB). Loaded Objects now: 8377.
Memory consumption went from 158.8 MB to 152.9 MB.
Total: 17.427300 ms (FindLiveObjects: 1.051400 ms CreateObjectMapping: 1.280200 ms MarkObjects: 9.814200 ms  DeleteObjects: 5.279500 ms)

Unloading 0 Unused Serialized files (Serialized files now loaded: 0)
Unloading 0 unused Assets / (4.4 MB). Loaded Objects now: 8377.
Memory consumption went from 152.9 MB to 148.4 MB.
Total: 11.962500 ms (FindLiveObjects: 1.029200 ms CreateObjectMapping: 1.060100 ms MarkObjects: 8.276500 ms  DeleteObjects: 1.595200 ms)

Prepare: number of updated asset objects reloaded= 0
========================================================================
Received Prepare
Assembly with name 'Unity.NetCode.EditorTests' already exists (Packages/com.unity.netcode/Tests/Editor/Unity.NetCode.EditorTests.asmdef)
Assembly with name 'Unity.NetCode.EditorTests' already exists (Packages/com.unity.netcode.gameobjects/Tests/Editor/com.unity.netcode.editortests.asmdef)
Assembly with name 'Unity.NetCode.Editor' already exists (Packages/com.unity.netcode/Editor/Unity.NetCode.Editor.asmdef)
Assembly with name 'Unity.NetCode.Editor' already exists (Packages/com.unity.netcode.gameobjects/Editor/com.unity.netcode.editor.asmdef)
Assembly reference Packages/com.unity.entities/Unity.Scenes.Editor/Internals/Properties/Unity.Properties.Internals.asmref has no target assembly definition
Assembly with name 'Unity.NetCode.EditorTests' already exists (Packages/com.unity.netcode/Tests/Editor/Unity.NetCode.EditorTests.asmdef)
Assembly with name 'Unity.NetCode.EditorTests' already exists (Packages/com.unity.netcode.gameobjects/Tests/Editor/com.unity.netcode.editortests.asmdef)
Assembly with name 'Unity.NetCode.Editor' already exists (Packages/com.unity.netcode/Editor/Unity.NetCode.Editor.asmdef)
Assembly with name 'Unity.NetCode.Editor' already exists (Packages/com.unity.netcode.gameobjects/Editor/com.unity.netcode.editor.asmdef)
Assembly reference Packages/com.unity.entities/Unity.Scenes.Editor/Internals/Properties/Unity.Properties.Internals.asmref has no target assembly definition
Begin MonoManager ReloadAssembly
DirectoryNotFoundException: Could not find a part of the path "D:\Unity\projekti\Carter\Packages\com.unity.entities\Unity.Entities\SourceGenerators\AspectGenerator.dll".
  at System.IO.FileStream..ctor (System.String path, System.IO.FileMode mode, System.IO.FileAccess access, System.IO.FileShare share, System.Int32 bufferSize, System.Boolean anonymous, System.IO.FileOptions options) [0x00164] in <ed969b0e627d471da4848289f9c322df>:0 
  at System.IO.FileStream..ctor (System.String path, System.IO.FileMode mode, System.IO.FileAccess access, System.IO.FileShare share) [0x00000] in <ed969b0e627d471da4848289f9c322df>:0 
  at (wrapper remoting-invoke-with-check) System.IO.FileStream..ctor(string,System.IO.FileMode,System.IO.FileAccess,System.IO.FileShare)
  at Mono.Cecil.ModuleDefinition.GetFileStream (System.String fileName, System.IO.FileMode mode, System.IO.FileAccess access, System.IO.FileShare share) [0x00006] in <a6860a9f6366437387ebdc1f225b7fd4>:0 
  at Mono.Cecil.ModuleDefinition.ReadModule (System.String fileName, Mono.Cecil.ReaderParameters parameters) [0x00008] in <a6860a9f6366437387ebdc1f225b7fd4>:0 
  at Mono.Cecil.AssemblyDefinition.ReadAssembly (System.String fileName, Mono.Cecil.ReaderParameters parameters) [0x00000] in <a6860a9f6366437387ebdc1f225b7fd4>:0 
  at UnityEditor.AssemblyValidation.ValidateRoslynAnalyzers (System.String[] analyzerPaths) [0x00025] in <e6ff5fa81f7b4f289fd2b129b5dcbaee>:0 

- Loaded All Assemblies, in  0.858 seconds
Assembly with name 'Unity.NetCode.EditorTests' already exists (Packages/com.unity.netcode/Tests/Editor/Unity.NetCode.EditorTests.asmdef)
Assembly with name 'Unity.NetCode.EditorTests' already exists (Packages/com.unity.netcode.gameobjects/Tests/Editor/com.unity.netcode.editortests.asmdef)
Assembly with name 'Unity.NetCode.Editor' already exists (Packages/com.unity.netcode/Editor/Unity.NetCode.Editor.asmdef)
Assembly with name 'Unity.NetCode.Editor' already exists (Packages/com.unity.netcode.gameobjects/Editor/com.unity.netcode.editor.asmdef)
Assembly reference Packages/com.unity.entities/Unity.Scenes.Editor/Internals/Properties/Unity.Properties.Internals.asmref has no target assembly definition
Refreshing native plugins compatible for Editor in 0.62 ms, found 3 plugins.
Native extension for UWP target not found
Native extension for WindowsStandalone target not found
Assembly with name 'Unity.NetCode.EditorTests' already exists (Packages/com.unity.netcode/Tests/Editor/Unity.NetCode.EditorTests.asmdef)
Assembly with name 'Unity.NetCode.EditorTests' already exists (Packages/com.unity.netcode.gameobjects/Tests/Editor/com.unity.netcode.editortests.asmdef)
Assembly with name 'Unity.NetCode.Editor' already exists (Packages/com.unity.netcode/Editor/Unity.NetCode.Editor.asmdef)
Assembly with name 'Unity.NetCode.Editor' already exists (Packages/com.unity.netcode.gameobjects/Editor/com.unity.netcode.editor.asmdef)
Assembly reference Packages/com.unity.entities/Unity.Scenes.Editor/Internals/Properties/Unity.Properties.Internals.asmref has no target assembly definition
Mono: successfully reloaded assembly
- Finished resetting the current domain, in  0.778 seconds
Domain Reload Profiling: 1638ms
	BeginReloadAssembly (261ms)
		ExecutionOrderSort (0ms)
		DisableScriptedObjects (7ms)
		BackupInstance (0ms)
		ReleaseScriptingObjects (0ms)
		CreateAndSetChildDomain (98ms)
	RebuildCommonClasses (37ms)
	RebuildNativeTypeToScriptingClass (12ms)
	initialDomainReloadingComplete (29ms)
	LoadAllAssembliesAndSetupDomain (520ms)
		LoadAssemblies (377ms)
		RebuildTransferFunctionScriptingTraits (0ms)
		AnalyzeDomain (255ms)
			TypeCache.Refresh (10ms)
				TypeCache.ScanAssembly (1ms)
			BuildScriptInfoCaches (229ms)
			ResolveRequiredComponents (11ms)
	FinalizeReload (778ms)
		ReleaseScriptCaches (0ms)
		RebuildScriptCaches (0ms)
		SetupLoadedEditorAssemblies (595ms)
			LogAssemblyErrors (0ms)
			InitializePlatformSupportModulesInManaged (3ms)
			SetLoadedEditorAssemblies (3ms)
			BeforeProcessingInitializeOnLoad (140ms)
			ProcessInitializeOnLoadAttributes (384ms)
			ProcessInitializeOnLoadMethodAttributes (60ms)
			AfterProcessingInitializeOnLoad (5ms)
			EditorAssembliesLoaded (0ms)
		ExecutionOrderSort2 (0ms)
		AwakeInstancesAfterBackupRestoration (9ms)
Refreshing native plugins compatible for Editor in 0.83 ms, found 3 plugins.
Preloading 0 native plugins for Editor in 0.00 ms.
Unloading 15 Unused Serialized files (Serialized files now loaded: 0)
Unloading 5777 unused Assets / (4.8 MB). Loaded Objects now: 6442.
Memory consumption went from 147.0 MB to 142.2 MB.
Total: 9.864800 ms (FindLiveObjects: 0.622600 ms CreateObjectMapping: 0.820400 ms MarkObjects: 5.583000 ms  DeleteObjects: 2.837000 ms)

Unloading 0 Unused Serialized files (Serialized files now loaded: 0)
Unloading 0 unused Assets / (3.6 MB). Loaded Objects now: 6442.
Memory consumption went from 142.2 MB to 138.6 MB.
Total: 6.800300 ms (FindLiveObjects: 0.341200 ms CreateObjectMapping: 0.377100 ms MarkObjects: 5.154600 ms  DeleteObjects: 0.926500 ms)

Prepare: number of updated asset objects reloaded= 0
========================================================================
Received Prepare
Assembly with name 'Unity.NetCode.EditorTests' already exists (Packages/com.unity.netcode/Tests/Editor/Unity.NetCode.EditorTests.asmdef)
Assembly with name 'Unity.NetCode.EditorTests' already exists (Packages/com.unity.netcode.gameobjects/Tests/Editor/com.unity.netcode.editortests.asmdef)
Assembly with name 'Unity.NetCode.Editor' already exists (Packages/com.unity.netcode/Editor/Unity.NetCode.Editor.asmdef)
Assembly with name 'Unity.NetCode.Editor' already exists (Packages/com.unity.netcode.gameobjects/Editor/com.unity.netcode.editor.asmdef)
Assembly reference Packages/com.unity.entities/Unity.Scenes.Editor/Internals/Properties/Unity.Properties.Internals.asmref has no target assembly definition
Assembly with name 'Unity.NetCode.EditorTests' already exists (Packages/com.unity.netcode/Tests/Editor/Unity.NetCode.EditorTests.asmdef)
Assembly with name 'Unity.NetCode.EditorTests' already exists (Packages/com.unity.netcode.gameobjects/Tests/Editor/com.unity.netcode.editortests.asmdef)
Assembly with name 'Unity.NetCode.Editor' already exists (Packages/com.unity.netcode/Editor/Unity.NetCode.Editor.asmdef)
Assembly with name 'Unity.NetCode.Editor' already exists (Packages/com.unity.netcode.gameobjects/Editor/com.unity.netcode.editor.asmdef)
Assembly reference Packages/com.unity.entities/Unity.Scenes.Editor/Internals/Properties/Unity.Properties.Internals.asmref has no target assembly definition
Begin MonoManager ReloadAssembly
DirectoryNotFoundException: Could not find a part of the path "D:\Unity\projekti\Carter\Packages\com.unity.entities\Unity.Entities\SourceGenerators\AspectGenerator.dll".
  at System.IO.FileStream..ctor (System.String path, System.IO.FileMode mode, System.IO.FileAccess access, System.IO.FileShare share, System.Int32 bufferSize, System.Boolean anonymous, System.IO.FileOptions options) [0x00164] in <ed969b0e627d471da4848289f9c322df>:0 
  at System.IO.FileStream..ctor (System.String path, System.IO.FileMode mode, System.IO.FileAccess access, System.IO.FileShare share) [0x00000] in <ed969b0e627d471da4848289f9c322df>:0 
  at (wrapper remoting-invoke-with-check) System.IO.FileStream..ctor(string,System.IO.FileMode,System.IO.FileAccess,System.IO.FileShare)
  at Mono.Cecil.ModuleDefinition.GetFileStream (System.String fileName, System.IO.FileMode mode, System.IO.FileAccess access, System.IO.FileShare share) [0x00006] in <a6860a9f6366437387ebdc1f225b7fd4>:0 
  at Mono.Cecil.ModuleDefinition.ReadModule (System.String fileName, Mono.Cecil.ReaderParameters parameters) [0x00008] in <a6860a9f6366437387ebdc1f225b7fd4>:0 
  at Mono.Cecil.AssemblyDefinition.ReadAssembly (System.String fileName, Mono.Cecil.ReaderParameters parameters) [0x00000] in <a6860a9f6366437387ebdc1f225b7fd4>:0 
  at UnityEditor.AssemblyValidation.ValidateRoslynAnalyzers (System.String[] analyzerPaths) [0x00025] in <e6ff5fa81f7b4f289fd2b129b5dcbaee>:0 

- Loaded All Assemblies, in  0.842 seconds
Assembly with name 'Unity.NetCode.EditorTests' already exists (Packages/com.unity.netcode/Tests/Editor/Unity.NetCode.EditorTests.asmdef)
Assembly with name 'Unity.NetCode.EditorTests' already exists (Packages/com.unity.netcode.gameobjects/Tests/Editor/com.unity.netcode.editortests.asmdef)
Assembly with name 'Unity.NetCode.Editor' already exists (Packages/com.unity.netcode/Editor/Unity.NetCode.Editor.asmdef)
Assembly with name 'Unity.NetCode.Editor' already exists (Packages/com.unity.netcode.gameobjects/Editor/com.unity.netcode.editor.asmdef)
Assembly reference Packages/com.unity.entities/Unity.Scenes.Editor/Internals/Properties/Unity.Properties.Internals.asmref has no target assembly definition
Refreshing native plugins compatible for Editor in 1.09 ms, found 3 plugins.
Native extension for UWP target not found
Native extension for WindowsStandalone target not found
Assembly with name 'Unity.NetCode.EditorTests' already exists (Packages/com.unity.netcode/Tests/Editor/Unity.NetCode.EditorTests.asmdef)
Assembly with name 'Unity.NetCode.EditorTests' already exists (Packages/com.unity.netcode.gameobjects/Tests/Editor/com.unity.netcode.editortests.asmdef)
Assembly with name 'Unity.NetCode.Editor' already exists (Packages/com.unity.netcode/Editor/Unity.NetCode.Editor.asmdef)
Assembly with name 'Unity.NetCode.Editor' already exists (Packages/com.unity.netcode.gameobjects/Editor/com.unity.netcode.editor.asmdef)
Assembly reference Packages/com.unity.entities/Unity.Scenes.Editor/Internals/Properties/Unity.Properties.Internals.asmref has no target assembly definition
Mono: successfully reloaded assembly
- Finished resetting the current domain, in  0.826 seconds
Domain Reload Profiling: 1669ms
	BeginReloadAssembly (219ms)
		ExecutionOrderSort (0ms)
		DisableScriptedObjects (8ms)
		BackupInstance (0ms)
		ReleaseScriptingObjects (0ms)
		CreateAndSetChildDomain (61ms)
	RebuildCommonClasses (37ms)
	RebuildNativeTypeToScriptingClass (13ms)
	initialDomainReloadingComplete (29ms)
	LoadAllAssembliesAndSetupDomain (544ms)
		LoadAssemblies (398ms)
		RebuildTransferFunctionScriptingTraits (0ms)
		AnalyzeDomain (249ms)
			TypeCache.Refresh (19ms)
				TypeCache.ScanAssembly (9ms)
			BuildScriptInfoCaches (210ms)
			ResolveRequiredComponents (14ms)
	FinalizeReload (827ms)
		ReleaseScriptCaches (0ms)
		RebuildScriptCaches (0ms)
		SetupLoadedEditorAssemblies (628ms)
			LogAssemblyErrors (0ms)
			InitializePlatformSupportModulesInManaged (3ms)
			SetLoadedEditorAssemblies (3ms)
			BeforeProcessingInitializeOnLoad (140ms)
			ProcessInitializeOnLoadAttributes (396ms)
			ProcessInitializeOnLoadMethodAttributes (81ms)
			AfterProcessingInitializeOnLoad (5ms)
			EditorAssembliesLoaded (0ms)
		ExecutionOrderSort2 (0ms)
		AwakeInstancesAfterBackupRestoration (10ms)
Refreshing native plugins compatible for Editor in 0.82 ms, found 3 plugins.
Preloading 0 native plugins for Editor in 0.00 ms.
Unloading 15 Unused Serialized files (Serialized files now loaded: 0)
Unloading 6211 unused Assets / (5.0 MB). Loaded Objects now: 6878.
Memory consumption went from 147.1 MB to 142.1 MB.
Total: 10.781300 ms (FindLiveObjects: 0.844000 ms CreateObjectMapping: 1.092200 ms MarkObjects: 6.033800 ms  DeleteObjects: 2.809900 ms)

Prepare: number of updated asset objects reloaded= 0
========================================================================
Received Import Request.
  Time since last request: 44937.817239 seconds.
  path: Packages/com.unity.netcode.gameobjects
  artifactKey: Guid(08513213ee56740b9b29d964b3340e26) Importer(815301076,1909f56bfc062723c751e8b465ee728b)
Start importing Packages/com.unity.netcode.gameobjects using Guid(08513213ee56740b9b29d964b3340e26) Importer(815301076,1909f56bfc062723c751e8b465ee728b) (PreviewImporter) -> (artifact id: '2488733eb72b8176e9b16b37f7e71714') in 0.0485549 seconds
Number of updated asset objects reloaded before import = 0Number of asset objects unloaded after import = 0

========================================================================
Received Import Request.
  Time since last request: 4.650878 seconds.
  path: Packages/com.unity.netcode.gameobjects/README.md
  artifactKey: Guid(7a8193086d1cd7d4dadc6a324430350b) Importer(815301076,1909f56bfc062723c751e8b465ee728b)
Start importing Packages/com.unity.netcode.gameobjects/README.md using Guid(7a8193086d1cd7d4dadc6a324430350b) Importer(815301076,1909f56bfc062723c751e8b465ee728b) (PreviewImporter) -> (artifact id: '279c4fe48b552a10e6ec20f020f255eb') in 0.0217173 seconds
Number of updated asset objects reloaded before import = 0Number of asset objects unloaded after import = 1

========================================================================
Received Import Request.
  Time since last request: 8.077101 seconds.
  path: Packages/com.unity.netcode.gameobjects/TestHelpers
  artifactKey: Guid(d627e2fb516d92242a4930e5cd9291e3) Importer(815301076,1909f56bfc062723c751e8b465ee728b)
Start importing Packages/com.unity.netcode.gameobjects/TestHelpers using Guid(d627e2fb516d92242a4930e5cd9291e3) Importer(815301076,1909f56bfc062723c751e8b465ee728b) (PreviewImporter) -> (artifact id: '6b3e65adaa2ab20901fd44953fcde0a1') in 0.0006595 seconds
Number of updated asset objects reloaded before import = 0Number of asset objects unloaded after import = 0

========================================================================
Received Import Request.
  Time since last request: 0.924327 seconds.
  path: Packages/com.unity.netcode.gameobjects/TestHelpers/Runtime
  artifactKey: Guid(e9af0202c9057c944b67aad6e4cdac96) Importer(815301076,1909f56bfc062723c751e8b465ee728b)
Start importing Packages/com.unity.netcode.gameobjects/TestHelpers/Runtime using Guid(e9af0202c9057c944b67aad6e4cdac96) Importer(815301076,1909f56bfc062723c751e8b465ee728b) (PreviewImporter) -> (artifact id: '73300c681899791c10673b6a42b6a898') in 0.0008511 seconds
Number of updated asset objects reloaded before import = 0Number of asset objects unloaded after import = 0

========================================================================
Received Import Request.
  Time since last request: 105.278136 seconds.
  path: Assets/DefaultNetworkPrefabs.asset
  artifactKey: Guid(3028a0855936b8a4c826583ea32c7792) Importer(815301076,1909f56bfc062723c751e8b465ee728b)
Start importing Assets/DefaultNetworkPrefabs.asset using Guid(3028a0855936b8a4c826583ea32c7792) Importer(815301076,1909f56bfc062723c751e8b465ee728b) (PreviewImporter) -> (artifact id: '080328a4be316b9a2cec2eee931f843f') in 0.0023034 seconds
Number of updated asset objects reloaded before import = 0Number of asset objects unloaded after import = 1

========================================================================
Received Import Request.
  Time since last request: 257.773013 seconds.
  path: Assets/Resources/Prefabs/Car Preset.prefab
  artifactKey: Guid(b645066e3f4574e438eadecd9d295b19) Importer(815301076,1909f56bfc062723c751e8b465ee728b)
Start importing Assets/Resources/Prefabs/Car Preset.prefab using Guid(b645066e3f4574e438eadecd9d295b19) Importer(815301076,1909f56bfc062723c751e8b465ee728b) (PreviewImporter) -> (artifact id: '0bbe5eebd854fa4948fe3191eb03e1e8') in 0.4883361 seconds
Number of updated asset objects reloaded before import = 0Number of asset objects unloaded after import = 114

========================================================================
Received Import Request.
  Time since last request: 198.231203 seconds.
  path: Assets/Resources/Prefabs/Car Preset.prefab
  artifactKey: Guid(b645066e3f4574e438eadecd9d295b19) Importer(815301076,1909f56bfc062723c751e8b465ee728b)
Start importing Assets/Resources/Prefabs/Car Preset.prefab using Guid(b645066e3f4574e438eadecd9d295b19) Importer(815301076,1909f56bfc062723c751e8b465ee728b) (PreviewImporter) -> (artifact id: 'b04e01981b9c1781c46c3773888ca85c') in 0.040864 seconds
Number of updated asset objects reloaded before import = 0Number of asset objects unloaded after import = 114

========================================================================
Received Import Request.
  Time since last request: 215.703598 seconds.
  path: Assets/Plugins/TextMesh Pro/Examples & Extras/Resources/Fonts & Materials/Anton SDF.asset
  artifactKey: Guid(8a89fa14b10d46a99122fd4f73fca9a2) Importer(815301076,1909f56bfc062723c751e8b465ee728b)
Start importing Assets/Plugins/TextMesh Pro/Examples & Extras/Resources/Fonts & Materials/Anton SDF.asset using Guid(8a89fa14b10d46a99122fd4f73fca9a2) Importer(815301076,1909f56bfc062723c751e8b465ee728b) (PreviewImporter) -> (artifact id: 'b20e2d5af30405d54ca1ad3236e85393') in 0.0901585 seconds
Number of updated asset objects reloaded before import = 0Number of asset objects unloaded after import = 6

========================================================================
Received Import Request.
  Time since last request: 0.000032 seconds.
  path: Assets/Plugins/TextMesh Pro/Examples & Extras/Resources/Fonts & Materials/Electronic Highway Sign SDF.asset
  artifactKey: Guid(dc36b3fdc14f47ebb36fd484a67e268a) Importer(815301076,1909f56bfc062723c751e8b465ee728b)
Start importing Assets/Plugins/TextMesh Pro/Examples & Extras/Resources/Fonts & Materials/Electronic Highway Sign SDF.asset using Guid(dc36b3fdc14f47ebb36fd484a67e268a) Importer(815301076,1909f56bfc062723c751e8b465ee728b) (PreviewImporter) -> (artifact id: 'e63d25ae3ba0f3bc908089cd59f30a8c') in 0.0189865 seconds
Number of updated asset objects reloaded before import = 0Number of asset objects unloaded after import = 6

========================================================================
Received Import Request.
  Time since last request: 0.000034 seconds.
  path: Assets/Plugins/TextMesh Pro/Examples & Extras/Resources/Fonts & Materials/Unity SDF.asset
  artifactKey: Guid(c9adb1f542a93ae489bacfeae21e8394) Importer(815301076,1909f56bfc062723c751e8b465ee728b)
Start importing Assets/Plugins/TextMesh Pro/Examples & Extras/Resources/Fonts & Materials/Unity SDF.asset using Guid(c9adb1f542a93ae489bacfeae21e8394) Importer(815301076,1909f56bfc062723c751e8b465ee728b) (PreviewImporter) -> (artifact id: 'c60c9e57d97823940b249287d879bcda') in 0.0292528 seconds
Number of updated asset objects reloaded before import = 0Number of asset objects unloaded after import = 5

========================================================================
Received Import Request.
  Time since last request: 0.000026 seconds.
  path: Assets/Plugins/TextMesh Pro/Resources/Fonts & Materials/LiberationSans SDF - Fallback.asset
  artifactKey: Guid(2e498d1c8094910479dc3e1b768306a4) Importer(815301076,1909f56bfc062723c751e8b465ee728b)
Start importing Assets/Plugins/TextMesh Pro/Resources/Fonts & Materials/LiberationSans SDF - Fallback.asset using Guid(2e498d1c8094910479dc3e1b768306a4) Importer(815301076,1909f56bfc062723c751e8b465ee728b) (PreviewImporter) -> (artifact id: '4a252e5aeb5b4a9ead93712c7b58fcb8') in 0.0148041 seconds
Number of updated asset objects reloaded before import = 0Number of asset objects unloaded after import = 6

========================================================================
Received Import Request.
  Time since last request: 0.000026 seconds.
  path: Assets/Plugins/TextMesh Pro/Examples & Extras/Resources/Fonts & Materials/Roboto-Bold SDF.asset
  artifactKey: Guid(5302535af1044152a457ed104f1f4b91) Importer(815301076,1909f56bfc062723c751e8b465ee728b)
Start importing Assets/Plugins/TextMesh Pro/Examples & Extras/Resources/Fonts & Materials/Roboto-Bold SDF.asset using Guid(5302535af1044152a457ed104f1f4b91) Importer(815301076,1909f56bfc062723c751e8b465ee728b) (PreviewImporter) -> (artifact id: '52ae24672309cedf7041eb77f0032b49') in 0.0340289 seconds
Number of updated asset objects reloaded before import = 0Number of asset objects unloaded after import = 6

========================================================================
Received Import Request.
  Time since last request: 0.000027 seconds.
  path: Assets/Plugins/TextMesh Pro/Resources/Fonts & Materials/LiberationSans SDF.asset
  artifactKey: Guid(8f586378b4e144a9851e7b34d9b748ee) Importer(815301076,1909f56bfc062723c751e8b465ee728b)
Start importing Assets/Plugins/TextMesh Pro/Resources/Fonts & Materials/LiberationSans SDF.asset using Guid(8f586378b4e144a9851e7b34d9b748ee) Importer(815301076,1909f56bfc062723c751e8b465ee728b) (PreviewImporter) -> (artifact id: '7ab0f87b3603dd0bac98f4e6028b69d2') in 0.0318225 seconds
Number of updated asset objects reloaded before import = 0Number of asset objects unloaded after import = 9

========================================================================
Received Import Request.
  Time since last request: 0.000030 seconds.
  path: Assets/Plugins/TextMesh Pro/Examples & Extras/Resources/Fonts & Materials/Oswald Bold SDF.asset
  artifactKey: Guid(0161d805a3764c089bef00bfe00793f5) Importer(815301076,1909f56bfc062723c751e8b465ee728b)
Start importing Assets/Plugins/TextMesh Pro/Examples & Extras/Resources/Fonts & Materials/Oswald Bold SDF.asset using Guid(0161d805a3764c089bef00bfe00793f5) Importer(815301076,1909f56bfc062723c751e8b465ee728b) (PreviewImporter) -> (artifact id: '39ca238c79d9f71785578c1d56bbdfae') in 0.0119567 seconds
Number of updated asset objects reloaded before import = 0Number of asset objects unloaded after import = 6

Editor requested this worker to shutdown with reason: Scaling down because of idle timeout
AssetImportWorker is now disconnected from the server
Process exiting
Exiting without the bug reporter. Application will terminate with return code 0